<?xml version="1.0" encoding="UTF-8"?>
<!-- Generated by org.testng.reporters.JUnitXMLReporter -->
<testsuite hostname="ROZARIO-PC" ignored="0" name="EmployeesRestAPITest" tests="35" failures="0" timestamp="25 Jul 2019 23:34:20 GMT" time="60.537" errors="0">
  <testcase name="verifyContentLength" time="0.049" classname="com.employeeproject.testcases.TC001_Get_All_Employee_Data"/>
  <testcase name="verifyContentType" time="0.034" classname="com.employeeproject.testcases.TC001_Get_All_Employee_Data"/>
  <testcase name="verifyCookies" time="0.008" classname="com.employeeproject.testcases.TC001_Get_All_Employee_Data"/>
  <testcase name="verifyResponse" time="4.302" classname="com.employeeproject.testcases.TC001_Get_All_Employee_Data"/>
  <testcase name="verifyResponseTime" time="0.012" classname="com.employeeproject.testcases.TC001_Get_All_Employee_Data"/>
  <testcase name="verifyServerType" time="0.008" classname="com.employeeproject.testcases.TC001_Get_All_Employee_Data"/>
  <testcase name="verifyStatusCode" time="0.014" classname="com.employeeproject.testcases.TC001_Get_All_Employee_Data"/>
  <testcase name="verifyStatusLine" time="0.007" classname="com.employeeproject.testcases.TC001_Get_All_Employee_Data"/>
  <testcase name="verifyTransferEncoding" time="0.057" classname="com.employeeproject.testcases.TC001_Get_All_Employee_Data"/>
  <testcase name="verifyContentLength" time="0.012" classname="com.employeeproject.testcases.TC002_Single_Employee_Data"/>
  <testcase name="verifyContentType" time="0.006" classname="com.employeeproject.testcases.TC002_Single_Employee_Data"/>
  <testcase name="verifyResponseTime" time="0.011" classname="com.employeeproject.testcases.TC002_Single_Employee_Data"/>
  <testcase name="verifyResponsebody" time="0.009" classname="com.employeeproject.testcases.TC002_Single_Employee_Data"/>
  <testcase name="verifyServerType" time="0.009" classname="com.employeeproject.testcases.TC002_Single_Employee_Data"/>
  <testcase name="verifyStatusCode" time="0.112" classname="com.employeeproject.testcases.TC002_Single_Employee_Data"/>
  <testcase name="verifyStatusLine" time="0.012" classname="com.employeeproject.testcases.TC002_Single_Employee_Data"/>
  <testcase name="verifyTransferEncoding" time="0.089" classname="com.employeeproject.testcases.TC002_Single_Employee_Data"/>
  <testcase name="verifyContentLength" time="0.002" classname="com.employeeproject.testcases.TC003_Create_NewEmployee_record"/>
  <testcase name="verifyContentType" time="0.003" classname="com.employeeproject.testcases.TC003_Create_NewEmployee_record"/>
  <testcase name="verifyResponseBody" time="0.003" classname="com.employeeproject.testcases.TC003_Create_NewEmployee_record"/>
  <testcase name="verifyServerType" time="0.002" classname="com.employeeproject.testcases.TC003_Create_NewEmployee_record"/>
  <testcase name="verifyStatusCode" time="0.003" classname="com.employeeproject.testcases.TC003_Create_NewEmployee_record"/>
  <testcase name="verifyStatusLine" time="0.003" classname="com.employeeproject.testcases.TC003_Create_NewEmployee_record"/>
  <testcase name="validateResponseBody" time="0.008" classname="com.employeeproject.testcases.TC004_Update_Employee_record"/>
  <testcase name="verifyContentLength" time="0.009" classname="com.employeeproject.testcases.TC004_Update_Employee_record"/>
  <testcase name="verifyContentType" time="0.008" classname="com.employeeproject.testcases.TC004_Update_Employee_record"/>
  <testcase name="verifyServerType" time="0.033" classname="com.employeeproject.testcases.TC004_Update_Employee_record"/>
  <testcase name="verifyStatusCode" time="0.006" classname="com.employeeproject.testcases.TC004_Update_Employee_record"/>
  <testcase name="verifyStatusLine" time="0.008" classname="com.employeeproject.testcases.TC004_Update_Employee_record"/>
  <testcase name="validateResponseBody" time="0.027" classname="com.employeeproject.testcases.TC005_Delete_Employee_record"/>
  <testcase name="verifyContentLength" time="0.003" classname="com.employeeproject.testcases.TC005_Delete_Employee_record"/>
  <testcase name="verifyContentType" time="0.005" classname="com.employeeproject.testcases.TC005_Delete_Employee_record"/>
  <testcase name="verifyServerType" time="0.003" classname="com.employeeproject.testcases.TC005_Delete_Employee_record"/>
  <testcase name="verifyStatusCode" time="0.006" classname="com.employeeproject.testcases.TC005_Delete_Employee_record"/>
  <testcase name="verifyStatusLine" time="0.006" classname="com.employeeproject.testcases.TC005_Delete_Employee_record"/>
</testsuite> <!-- EmployeesRestAPITest -->
