<?xml version="1.0" encoding="UTF-8"?>
<!-- Generated by org.testng.reporters.JUnitXMLReporter -->
<testsuite hostname="ROZARIO-PC" ignored="0" name="EmployeesRestAPITest" tests="35" failures="0" timestamp="28 Jul 2019 03:56:01 GMT" time="29.364" errors="0">
  <testcase name="verifyContentLength" time="0.021" classname="com.employeeproject.testcases.TC001_Get_All_Employee_Data"/>
  <testcase name="verifyContentType" time="0.01" classname="com.employeeproject.testcases.TC001_Get_All_Employee_Data"/>
  <testcase name="verifyCookies" time="0.006" classname="com.employeeproject.testcases.TC001_Get_All_Employee_Data"/>
  <testcase name="verifyResponse" time="0.064" classname="com.employeeproject.testcases.TC001_Get_All_Employee_Data"/>
  <testcase name="verifyResponseTime" time="0.009" classname="com.employeeproject.testcases.TC001_Get_All_Employee_Data"/>
  <testcase name="verifyServerType" time="0.002" classname="com.employeeproject.testcases.TC001_Get_All_Employee_Data"/>
  <testcase name="verifyStatusCode" time="0.004" classname="com.employeeproject.testcases.TC001_Get_All_Employee_Data"/>
  <testcase name="verifyStatusLine" time="0.004" classname="com.employeeproject.testcases.TC001_Get_All_Employee_Data"/>
  <testcase name="verifyTransferEncoding" time="0.002" classname="com.employeeproject.testcases.TC001_Get_All_Employee_Data"/>
  <testcase name="verifyContentLength" time="0.003" classname="com.employeeproject.testcases.TC002_Single_Employee_Data"/>
  <testcase name="verifyContentType" time="0.002" classname="com.employeeproject.testcases.TC002_Single_Employee_Data"/>
  <testcase name="verifyResponseTime" time="0.004" classname="com.employeeproject.testcases.TC002_Single_Employee_Data"/>
  <testcase name="verifyResponsebody" time="0.005" classname="com.employeeproject.testcases.TC002_Single_Employee_Data"/>
  <testcase name="verifyServerType" time="0.004" classname="com.employeeproject.testcases.TC002_Single_Employee_Data"/>
  <testcase name="verifyStatusCode" time="0.002" classname="com.employeeproject.testcases.TC002_Single_Employee_Data"/>
  <testcase name="verifyStatusLine" time="0.002" classname="com.employeeproject.testcases.TC002_Single_Employee_Data"/>
  <testcase name="verifyTransferEncoding" time="0.007" classname="com.employeeproject.testcases.TC002_Single_Employee_Data"/>
  <testcase name="verifyContentLength" time="0.002" classname="com.employeeproject.testcases.TC003_Create_NewEmployee_record"/>
  <testcase name="verifyContentType" time="0.002" classname="com.employeeproject.testcases.TC003_Create_NewEmployee_record"/>
  <testcase name="verifyResponseBody" time="0.002" classname="com.employeeproject.testcases.TC003_Create_NewEmployee_record"/>
  <testcase name="verifyServerType" time="0.002" classname="com.employeeproject.testcases.TC003_Create_NewEmployee_record"/>
  <testcase name="verifyStatusCode" time="0.002" classname="com.employeeproject.testcases.TC003_Create_NewEmployee_record"/>
  <testcase name="verifyStatusLine" time="0.005" classname="com.employeeproject.testcases.TC003_Create_NewEmployee_record"/>
  <testcase name="validateResponseBody" time="0.001" classname="com.employeeproject.testcases.TC004_Update_Employee_record"/>
  <testcase name="verifyContentLength" time="0.002" classname="com.employeeproject.testcases.TC004_Update_Employee_record"/>
  <testcase name="verifyContentType" time="0.006" classname="com.employeeproject.testcases.TC004_Update_Employee_record"/>
  <testcase name="verifyServerType" time="0.006" classname="com.employeeproject.testcases.TC004_Update_Employee_record"/>
  <testcase name="verifyStatusCode" time="0.002" classname="com.employeeproject.testcases.TC004_Update_Employee_record"/>
  <testcase name="verifyStatusLine" time="0.005" classname="com.employeeproject.testcases.TC004_Update_Employee_record"/>
  <testcase name="validateResponseBody" time="0.004" classname="com.employeeproject.testcases.TC005_Delete_Employee_record"/>
  <testcase name="verifyContentLength" time="0.002" classname="com.employeeproject.testcases.TC005_Delete_Employee_record"/>
  <testcase name="verifyContentType" time="0.003" classname="com.employeeproject.testcases.TC005_Delete_Employee_record"/>
  <testcase name="verifyServerType" time="0.002" classname="com.employeeproject.testcases.TC005_Delete_Employee_record"/>
  <testcase name="verifyStatusCode" time="0.001" classname="com.employeeproject.testcases.TC005_Delete_Employee_record"/>
  <testcase name="verifyStatusLine" time="0.002" classname="com.employeeproject.testcases.TC005_Delete_Employee_record"/>
</testsuite> <!-- EmployeesRestAPITest -->
