<?xml version="1.0" encoding="UTF-8"?>
<!-- Generated by org.testng.reporters.JUnitXMLReporter -->
<testsuite hostname="ROZARIO-PC" ignored="0" name="Default test" tests="10" failures="0" timestamp="22 Jul 2019 06:20:00 GMT" time="5.552" errors="0">
  <testcase name="verifyResponse" time="0.038" classname="com.employeeproject.testcases.TC001_Get_All_Employee_Data"/>
  <testcase name="verifyStatusCode" time="0.004" classname="com.employeeproject.testcases.TC001_Get_All_Employee_Data"/>
  <testcase name="verifyStatusLine" time="0.004" classname="com.employeeproject.testcases.TC001_Get_All_Employee_Data"/>
  <testcase name="verifyResponseTime" time="0.002" classname="com.employeeproject.testcases.TC001_Get_All_Employee_Data"/>
  <testcase name="verifyContentType" time="0.003" classname="com.employeeproject.testcases.TC001_Get_All_Employee_Data"/>
  <testcase name="verifyTransferEncoding" time="0.003" classname="com.employeeproject.testcases.TC001_Get_All_Employee_Data"/>
  <testcase name="verifyServerType" time="0.002" classname="com.employeeproject.testcases.TC001_Get_All_Employee_Data"/>
  <testcase name="verifyContentLength" time="0.004" classname="com.employeeproject.testcases.TC001_Get_All_Employee_Data"/>
  <testcase name="verifyCookies" time="0.003" classname="com.employeeproject.testcases.TC001_Get_All_Employee_Data"/>
  <testcase name="teardown" time="0.002" classname="com.employeeproject.testcases.TC001_Get_All_Employee_Data"/>
</testsuite> <!-- Default test -->
